2023.02.15 22:03:55 INFO  tracing is disabled for protocol LSP, to enable tracing of incoming and outgoing JSON messages create an empty file at /home/clemens/projekte/registermaschine/.metals/lsp.trace.json or /home/clemens/.cache/metals/lsp.trace.json
2023.02.15 22:03:58 INFO  logging to file /home/clemens/projekte/registermaschine/.metals/metals.log
2023.02.15 22:03:58 INFO  Started: Metals version 0.11.10 in workspace '/home/clemens/projekte/registermaschine' for client Visual Studio Code 1.71.2.
SLF4J: No SLF4J providers were found.
SLF4J: Defaulting to no-operation (NOP) logger implementation
SLF4J: See https://www.slf4j.org/codes.html#noProviders for further details.
SLF4J: Class path contains SLF4J bindings targeting slf4j-api versions 1.7.x or earlier.
SLF4J: Ignoring binding found at [jar:file:/home/clemens/.cache/coursier/v1/https/repo1.maven.org/maven2/com/outr/scribe-slf4j_2.13/3.10.5/scribe-slf4j_2.13-3.10.5.jar!/org/slf4j/impl/StaticLoggerBinder.class]
SLF4J: See https://www.slf4j.org/codes.html#ignoredBindings for an explanation.
2023.02.15 22:04:07 INFO  time: initialize in 9.34s
2023.02.15 22:04:15 WARN  Build server is not auto-connectable.
2023.02.15 22:04:15 WARN  no build tool detected in workspace '/home/clemens/projekte/registermaschine'. The most common cause for this problem is that the editor was opened in the wrong working directory, for example if you use sbt then the workspace directory should contain build.sbt. 
2023.02.15 22:04:16 WARN  no build target for: /home/clemens/projekte/registermaschine/test.scala
2023.02.15 22:04:32 INFO  no build target found for /home/clemens/projekte/registermaschine/test.scala. Using presentation compiler with project's scala-library version: 3.2.1
Feb 15, 2023 10:04:33 PM org.eclipse.lsp4j.jsonrpc.RemoteEndpoint handleCancellation
WARNING: Unmatched cancel notification for request id 1
2023.02.15 22:04:34 WARN  no build target for: /home/clemens/projekte/registermaschine/test.scala
Feb 15, 2023 10:04:34 PM org.eclipse.lsp4j.jsonrpc.RemoteEndpoint handleCancellation
WARNING: Unmatched cancel notification for request id 9
Feb 15, 2023 10:04:34 PM org.eclipse.lsp4j.jsonrpc.RemoteEndpoint handleCancellation
WARNING: Unmatched cancel notification for request id 6
2023.02.15 22:04:34 WARN  no build target for: /home/clemens/projekte/registermaschine/test.scala
2023.02.15 22:04:35 WARN  no build target for: /home/clemens/projekte/registermaschine/test.scala
2023.02.15 22:04:40 WARN  no build target for: /home/clemens/projekte/registermaschine/test.scala
2023.02.15 22:04:41 INFO  time: code lens generation in 2.91s
2023.02.15 22:04:41 INFO  time: code lens generation in 7.64s
2023.02.15 22:04:41 INFO  time: code lens generation in 6.79s
2023.02.15 22:04:41 INFO  time: code lens generation in 7.23s
2023.02.15 22:04:41 INFO  time: code lens generation in 7.03s
Feb 15, 2023 10:05:05 PM org.eclipse.lsp4j.jsonrpc.RemoteEndpoint handleCancellation
WARNING: Unmatched cancel notification for request id 95
2023.02.15 22:05:08 WARN  no build target for: /home/clemens/projekte/registermaschine/test.scala
2023.02.15 22:05:42 WARN  no build target for: /home/clemens/projekte/registermaschine/test.scala
2023.02.15 22:06:03 WARN  no build target for: /home/clemens/projekte/registermaschine/test.scala
2023.02.15 22:06:26 WARN  no build target for: /home/clemens/projekte/registermaschine/test.scala
2023.02.15 22:06:29 WARN  no build target for: /home/clemens/projekte/registermaschine/test.scala
2023.02.15 22:07:01 WARN  no build target for: /home/clemens/projekte/registermaschine/test.scala
2023.02.15 22:07:16 WARN  no build target for: /home/clemens/projekte/registermaschine/test.scala
2023.02.15 22:07:41 WARN  no build target for: /home/clemens/projekte/registermaschine/test.scala
2023.02.15 22:07:50 WARN  no build target for: /home/clemens/projekte/registermaschine/test.scala
2023.02.15 22:09:15 INFO  shutting down Metals
